<?xml version="1.0" encoding="UTF-8"?>
<!-- Generated by org.testng.reporters.JUnitReportReporter -->
<testsuite hostname="USABOS216482L" name="com.qa.was.testcases.LandingPageTest" tests="2" failures="0" timestamp="28 Jan 2019 21:29:26 GMT" time="21.574" errors="0">
  <testcase name="login" time="13.682" classname="com.qa.was.testcases.LandingPageTest"/>
  <testcase name="vaidateTitle" time="7.892" classname="com.qa.was.testcases.LandingPageTest"/>
</testsuite> <!-- com.qa.was.testcases.LandingPageTest -->
